{"/Users/nagaapparaopolqamarasetti/Hpel Bootcamp Projects/vendiman api/knexfile.ts": {"path":"/Users/nagaapparaopolqamarasetti/Hpel Bootcamp Projects/vendiman api/knexfile.ts","statementMap":{"0":{"start":{"line":5,"column":13},"end":{"line":5,"column":28}},"1":{"start":{"line":7,"column":18},"end":{"line":7,"column":56}},"2":{"start":{"line":9,"column":47},"end":{"line":42,"column":null}},"3":{"start":{"line":44,"column":0},"end":{"line":44,"column":null}}},"fnMap":{},"branchMap":{},"s":{"0":4,"1":4,"2":4,"3":4},"f":{},"b":{}}
,"/Users/nagaapparaopolqamarasetti/Hpel Bootcamp Projects/vendiman api/src/index.ts": {"path":"/Users/nagaapparaopolqamarasetti/Hpel Bootcamp Projects/vendiman api/src/index.ts","statementMap":{"0":{"start":{"line":1,"column":0},"end":{"line":1,"column":52}},"1":{"start":{"line":2,"column":0},"end":{"line":2,"column":23}},"2":{"start":{"line":4,"column":0},"end":{"line":4,"column":52}},"3":{"start":{"line":5,"column":0},"end":{"line":5,"column":64}},"4":{"start":{"line":6,"column":0},"end":{"line":6,"column":52}},"5":{"start":{"line":7,"column":0},"end":{"line":7,"column":22}},"6":{"start":{"line":8,"column":0},"end":{"line":8,"column":102}},"7":{"start":{"line":10,"column":12},"end":{"line":10,"column":21}},"8":{"start":{"line":14,"column":0},"end":{"line":14,"column":null}},"9":{"start":{"line":15,"column":0},"end":{"line":15,"column":null}},"10":{"start":{"line":17,"column":0},"end":{"line":19,"column":null}},"11":{"start":{"line":18,"column":4},"end":{"line":18,"column":null}},"12":{"start":{"line":21,"column":0},"end":{"line":21,"column":null}},"13":{"start":{"line":23,"column":0},"end":{"line":23,"column":null}},"14":{"start":{"line":24,"column":0},"end":{"line":24,"column":null}},"15":{"start":{"line":26,"column":0},"end":{"line":26,"column":null}},"16":{"start":{"line":28,"column":0},"end":{"line":30,"column":null}},"17":{"start":{"line":29,"column":4},"end":{"line":29,"column":null}},"18":{"start":{"line":32,"column":0},"end":{"line":32,"column":null}}},"fnMap":{"0":{"name":"(anonymous_1)","decl":{"start":{"line":17,"column":13},"end":{"line":17,"column":14}},"loc":{"start":{"line":17,"column":26},"end":{"line":19,"column":1}}},"1":{"name":"(anonymous_2)","decl":{"start":{"line":28,"column":8},"end":{"line":28,"column":9}},"loc":{"start":{"line":28,"column":21},"end":{"line":30,"column":1}}}},"branchMap":{},"s":{"0":4,"1":4,"2":4,"3":4,"4":4,"5":4,"6":4,"7":4,"8":4,"9":4,"10":4,"11":1,"12":4,"13":4,"14":4,"15":4,"16":4,"17":1,"18":4},"f":{"0":1,"1":1},"b":{}}
,"/Users/nagaapparaopolqamarasetti/Hpel Bootcamp Projects/vendiman api/src/configs/connection.ts": {"path":"/Users/nagaapparaopolqamarasetti/Hpel Bootcamp Projects/vendiman api/src/configs/connection.ts","statementMap":{"0":{"start":{"line":1,"column":20},"end":{"line":1,"column":57}},"1":{"start":{"line":2,"column":15},"end":{"line":2,"column":53}},"2":{"start":{"line":3,"column":13},"end":{"line":3,"column":36}},"3":{"start":{"line":4,"column":0},"end":{"line":4,"column":null}}},"fnMap":{},"branchMap":{"0":{"loc":{"start":{"line":1,"column":20},"end":{"line":1,"column":57}},"type":"binary-expr","locations":[{"start":{"line":1,"column":20},"end":{"line":1,"column":40}},{"start":{"line":1,"column":44},"end":{"line":1,"column":57}}]}},"s":{"0":4,"1":4,"2":4,"3":4},"f":{},"b":{"0":[4,0]}}
,"/Users/nagaapparaopolqamarasetti/Hpel Bootcamp Projects/vendiman api/src/controllers/inventory_controllers/inventory_controllers.ts": {"path":"/Users/nagaapparaopolqamarasetti/Hpel Bootcamp Projects/vendiman api/src/controllers/inventory_controllers/inventory_controllers.ts","statementMap":{"0":{"start":{"line":9,"column":0},"end":{"line":9,"column":85}},"1":{"start":{"line":10,"column":0},"end":{"line":10,"column":58}},"2":{"start":{"line":11,"column":0},"end":{"line":11,"column":58}},"3":{"start":{"line":18,"column":4},"end":{"line":30,"column":null}},"4":{"start":{"line":20,"column":12},"end":{"line":20,"column":62}},"5":{"start":{"line":22,"column":8},"end":{"line":22,"column":null}},"6":{"start":{"line":24,"column":22},"end":{"line":26,"column":null}},"7":{"start":{"line":29,"column":8},"end":{"line":29,"column":null}},"8":{"start":{"line":207,"column":0},"end":{"line":209,"column":null}}},"fnMap":{"0":{"name":"get_list_of_inventories","decl":{"start":{"line":13,"column":15},"end":{"line":13,"column":38}},"loc":{"start":{"line":16,"column":22},"end":{"line":31,"column":null}}}},"branchMap":{},"s":{"0":4,"1":4,"2":4,"3":2,"4":2,"5":1,"6":1,"7":1,"8":4},"f":{"0":2},"b":{}}
,"/Users/nagaapparaopolqamarasetti/Hpel Bootcamp Projects/vendiman api/src/controllers/inventory_items_controllers/inventory_items_controllers.ts": {"path":"/Users/nagaapparaopolqamarasetti/Hpel Bootcamp Projects/vendiman api/src/controllers/inventory_items_controllers/inventory_items_controllers.ts","statementMap":{"0":{"start":{"line":3,"column":12},"end":{"line":3,"column":26}},"1":{"start":{"line":10,"column":0},"end":{"line":10,"column":102}},"2":{"start":{"line":11,"column":0},"end":{"line":11,"column":58}},"3":{"start":{"line":18,"column":4},"end":{"line":25,"column":null}},"4":{"start":{"line":20,"column":12},"end":{"line":20,"column":76}},"5":{"start":{"line":22,"column":8},"end":{"line":22,"column":null}},"6":{"start":{"line":24,"column":8},"end":{"line":24,"column":null}},"7":{"start":{"line":29,"column":25},"end":{"line":29,"column":43}},"8":{"start":{"line":31,"column":4},"end":{"line":41,"column":null}},"9":{"start":{"line":33,"column":12},"end":{"line":33,"column":68}},"10":{"start":{"line":35,"column":8},"end":{"line":38,"column":null}},"11":{"start":{"line":40,"column":8},"end":{"line":40,"column":null}},"12":{"start":{"line":45,"column":4},"end":{"line":51,"column":null}},"13":{"start":{"line":46,"column":22},"end":{"line":46,"column":78}},"14":{"start":{"line":48,"column":8},"end":{"line":48,"column":null}},"15":{"start":{"line":50,"column":8},"end":{"line":50,"column":null}},"16":{"start":{"line":55,"column":37},"end":{"line":55,"column":45}},"17":{"start":{"line":56,"column":4},"end":{"line":64,"column":null}},"18":{"start":{"line":58,"column":29},"end":{"line":59,"column":null}},"19":{"start":{"line":61,"column":8},"end":{"line":61,"column":null}},"20":{"start":{"line":63,"column":4},"end":{"line":63,"column":null}},"21":{"start":{"line":67,"column":0},"end":{"line":67,"column":null}}},"fnMap":{"0":{"name":"post_inventory_items","decl":{"start":{"line":13,"column":15},"end":{"line":13,"column":35}},"loc":{"start":{"line":16,"column":22},"end":{"line":26,"column":null}}},"1":{"name":"filter_items","decl":{"start":{"line":28,"column":15},"end":{"line":28,"column":27}},"loc":{"start":{"line":28,"column":75},"end":{"line":42,"column":null}}},"2":{"name":"search_items","decl":{"start":{"line":44,"column":15},"end":{"line":44,"column":27}},"loc":{"start":{"line":44,"column":75},"end":{"line":52,"column":null}}},"3":{"name":"place_order","decl":{"start":{"line":54,"column":15},"end":{"line":54,"column":26}},"loc":{"start":{"line":54,"column":72},"end":{"line":65,"column":null}}}},"branchMap":{},"s":{"0":4,"1":4,"2":4,"3":4,"4":4,"5":1,"6":3,"7":5,"8":5,"9":5,"10":1,"11":4,"12":4,"13":4,"14":1,"15":3,"16":10,"17":10,"18":10,"19":1,"20":9,"21":4},"f":{"0":4,"1":5,"2":4,"3":10},"b":{}}
,"/Users/nagaapparaopolqamarasetti/Hpel Bootcamp Projects/vendiman api/src/controllers/user_controllers/user_controllers.ts": {"path":"/Users/nagaapparaopolqamarasetti/Hpel Bootcamp Projects/vendiman api/src/controllers/user_controllers/user_controllers.ts","statementMap":{"0":{"start":{"line":1,"column":0},"end":{"line":1,"column":69}},"1":{"start":{"line":2,"column":21},"end":{"line":2,"column":45}},"2":{"start":{"line":4,"column":0},"end":{"line":4,"column":37}},"3":{"start":{"line":7,"column":0},"end":{"line":7,"column":70}},"4":{"start":{"line":8,"column":0},"end":{"line":8,"column":null}},"5":{"start":{"line":11,"column":27},"end":{"line":11,"column":35}},"6":{"start":{"line":12,"column":4},"end":{"line":12,"column":null}},"7":{"start":{"line":13,"column":4},"end":{"line":50,"column":null}},"8":{"start":{"line":43,"column":20},"end":{"line":43,"column":61}},"9":{"start":{"line":44,"column":8},"end":{"line":44,"column":null}},"10":{"start":{"line":49,"column":8},"end":{"line":49,"column":null}},"11":{"start":{"line":54,"column":22},"end":{"line":54,"column":30}},"12":{"start":{"line":55,"column":4},"end":{"line":103,"column":null}},"13":{"start":{"line":56,"column":8},"end":{"line":60,"column":null}},"14":{"start":{"line":57,"column":12},"end":{"line":59,"column":null}},"15":{"start":{"line":61,"column":26},"end":{"line":61,"column":69}},"16":{"start":{"line":62,"column":8},"end":{"line":64,"column":null}},"17":{"start":{"line":63,"column":12},"end":{"line":63,"column":null}},"18":{"start":{"line":66,"column":8},"end":{"line":70,"column":null}},"19":{"start":{"line":67,"column":12},"end":{"line":69,"column":null}},"20":{"start":{"line":72,"column":20},"end":{"line":75,"column":10}},"21":{"start":{"line":76,"column":22},"end":{"line":76,"column":77}},"22":{"start":{"line":78,"column":33},"end":{"line":80,"column":null}},"23":{"start":{"line":83,"column":8},"end":{"line":87,"column":null}},"24":{"start":{"line":84,"column":12},"end":{"line":86,"column":null}},"25":{"start":{"line":89,"column":28},"end":{"line":93,"column":10}},"26":{"start":{"line":94,"column":8},"end":{"line":98,"column":null}},"27":{"start":{"line":95,"column":12},"end":{"line":97,"column":null}},"28":{"start":{"line":100,"column":8},"end":{"line":100,"column":null}},"29":{"start":{"line":102,"column":8},"end":{"line":102,"column":null}},"30":{"start":{"line":106,"column":0},"end":{"line":106,"column":null}}},"fnMap":{"0":{"name":"login_user","decl":{"start":{"line":10,"column":15},"end":{"line":10,"column":25}},"loc":{"start":{"line":10,"column":73},"end":{"line":51,"column":null}}},"1":{"name":"get_otp","decl":{"start":{"line":53,"column":15},"end":{"line":53,"column":22}},"loc":{"start":{"line":53,"column":50},"end":{"line":104,"column":null}}}},"branchMap":{"0":{"loc":{"start":{"line":56,"column":8},"end":{"line":60,"column":null}},"type":"if","locations":[{"start":{"line":56,"column":8},"end":{"line":60,"column":null}}]},"1":{"loc":{"start":{"line":56,"column":12},"end":{"line":56,"column":49}},"type":"binary-expr","locations":[{"start":{"line":56,"column":12},"end":{"line":56,"column":18}},{"start":{"line":56,"column":22},"end":{"line":56,"column":49}}]},"2":{"loc":{"start":{"line":62,"column":8},"end":{"line":64,"column":null}},"type":"if","locations":[{"start":{"line":62,"column":8},"end":{"line":64,"column":null}}]},"3":{"loc":{"start":{"line":66,"column":8},"end":{"line":70,"column":null}},"type":"if","locations":[{"start":{"line":66,"column":8},"end":{"line":70,"column":null}}]},"4":{"loc":{"start":{"line":83,"column":8},"end":{"line":87,"column":null}},"type":"if","locations":[{"start":{"line":83,"column":8},"end":{"line":87,"column":null}}]},"5":{"loc":{"start":{"line":94,"column":8},"end":{"line":98,"column":null}},"type":"if","locations":[{"start":{"line":94,"column":8},"end":{"line":98,"column":null}}]}},"s":{"0":4,"1":4,"2":4,"3":4,"4":4,"5":7,"6":7,"7":7,"8":7,"9":1,"10":6,"11":0,"12":0,"13":0,"14":0,"15":0,"16":0,"17":0,"18":0,"19":0,"20":0,"21":0,"22":0,"23":0,"24":0,"25":0,"26":0,"27":0,"28":0,"29":0,"30":4},"f":{"0":7,"1":0},"b":{"0":[0],"1":[0,0],"2":[0],"3":[0],"4":[0],"5":[0]}}
,"/Users/nagaapparaopolqamarasetti/Hpel Bootcamp Projects/vendiman api/src/middleweres/Auth/auth_middlewere.ts": {"path":"/Users/nagaapparaopolqamarasetti/Hpel Bootcamp Projects/vendiman api/src/middleweres/Auth/auth_middlewere.ts","statementMap":{"0":{"start":{"line":4,"column":0},"end":{"line":4,"column":37}},"1":{"start":{"line":13,"column":18},"end":{"line":13,"column":58}},"2":{"start":{"line":15,"column":4},"end":{"line":33,"column":null}},"3":{"start":{"line":16,"column":8},"end":{"line":20,"column":null}},"4":{"start":{"line":17,"column":12},"end":{"line":19,"column":null}},"5":{"start":{"line":22,"column":29},"end":{"line":22,"column":51}},"6":{"start":{"line":24,"column":8},"end":{"line":28,"column":null}},"7":{"start":{"line":25,"column":12},"end":{"line":27,"column":null}},"8":{"start":{"line":30,"column":8},"end":{"line":30,"column":null}},"9":{"start":{"line":32,"column":8},"end":{"line":32,"column":null}},"10":{"start":{"line":43,"column":18},"end":{"line":43,"column":58}},"11":{"start":{"line":45,"column":4},"end":{"line":69,"column":null}},"12":{"start":{"line":46,"column":8},"end":{"line":50,"column":null}},"13":{"start":{"line":47,"column":12},"end":{"line":49,"column":null}},"14":{"start":{"line":52,"column":29},"end":{"line":52,"column":65}},"15":{"start":{"line":54,"column":8},"end":{"line":58,"column":null}},"16":{"start":{"line":55,"column":12},"end":{"line":57,"column":null}},"17":{"start":{"line":60,"column":8},"end":{"line":64,"column":null}},"18":{"start":{"line":61,"column":12},"end":{"line":63,"column":null}},"19":{"start":{"line":66,"column":8},"end":{"line":66,"column":null}},"20":{"start":{"line":68,"column":8},"end":{"line":68,"column":null}},"21":{"start":{"line":72,"column":0},"end":{"line":72,"column":null}}},"fnMap":{"0":{"name":"auth_middlewere","decl":{"start":{"line":8,"column":15},"end":{"line":8,"column":30}},"loc":{"start":{"line":11,"column":22},"end":{"line":34,"column":null}}},"1":{"name":"admin_middlewere","decl":{"start":{"line":36,"column":15},"end":{"line":36,"column":31}},"loc":{"start":{"line":39,"column":22},"end":{"line":70,"column":null}}}},"branchMap":{"0":{"loc":{"start":{"line":13,"column":18},"end":{"line":13,"column":58}},"type":"cond-expr","locations":[{"start":{"line":13,"column":43},"end":{"line":13,"column":45}},{"start":{"line":13,"column":43},"end":{"line":13,"column":58}}]},"1":{"loc":{"start":{"line":13,"column":18},"end":{"line":13,"column":45}},"type":"binary-expr","locations":[{"start":{"line":13,"column":18},"end":{"line":13,"column":45}},{"start":{"line":13,"column":43},"end":{"line":13,"column":45}}]},"2":{"loc":{"start":{"line":16,"column":8},"end":{"line":20,"column":null}},"type":"if","locations":[{"start":{"line":16,"column":8},"end":{"line":20,"column":null}}]},"3":{"loc":{"start":{"line":24,"column":8},"end":{"line":28,"column":null}},"type":"if","locations":[{"start":{"line":24,"column":8},"end":{"line":28,"column":null}}]},"4":{"loc":{"start":{"line":43,"column":18},"end":{"line":43,"column":58}},"type":"cond-expr","locations":[{"start":{"line":43,"column":43},"end":{"line":43,"column":45}},{"start":{"line":43,"column":43},"end":{"line":43,"column":58}}]},"5":{"loc":{"start":{"line":43,"column":18},"end":{"line":43,"column":45}},"type":"binary-expr","locations":[{"start":{"line":43,"column":18},"end":{"line":43,"column":45}},{"start":{"line":43,"column":43},"end":{"line":43,"column":45}}]},"6":{"loc":{"start":{"line":46,"column":8},"end":{"line":50,"column":null}},"type":"if","locations":[{"start":{"line":46,"column":8},"end":{"line":50,"column":null}}]},"7":{"loc":{"start":{"line":54,"column":8},"end":{"line":58,"column":null}},"type":"if","locations":[{"start":{"line":54,"column":8},"end":{"line":58,"column":null}}]},"8":{"loc":{"start":{"line":60,"column":8},"end":{"line":64,"column":null}},"type":"if","locations":[{"start":{"line":60,"column":8},"end":{"line":64,"column":null}}]}},"s":{"0":4,"1":13,"2":13,"3":13,"4":1,"5":12,"6":11,"7":1,"8":10,"9":1,"10":8,"11":8,"12":8,"13":1,"14":7,"15":6,"16":1,"17":5,"18":1,"19":4,"20":1,"21":4},"f":{"0":13,"1":8},"b":{"0":[1,12],"1":[13,13],"2":[1],"3":[1],"4":[1,7],"5":[8,8],"6":[1],"7":[1],"8":[1]}}
,"/Users/nagaapparaopolqamarasetti/Hpel Bootcamp Projects/vendiman api/src/middleweres/error_handler_middlewere/error_handler_middlewere.ts": {"path":"/Users/nagaapparaopolqamarasetti/Hpel Bootcamp Projects/vendiman api/src/middleweres/error_handler_middlewere/error_handler_middlewere.ts","statementMap":{"0":{"start":{"line":3,"column":0},"end":{"line":3,"column":58}},"1":{"start":{"line":4,"column":0},"end":{"line":4,"column":60}},"2":{"start":{"line":13,"column":4},"end":{"line":17,"column":null}},"3":{"start":{"line":14,"column":8},"end":{"line":14,"column":null}},"4":{"start":{"line":16,"column":8},"end":{"line":16,"column":null}},"5":{"start":{"line":20,"column":4},"end":{"line":24,"column":null}},"6":{"start":{"line":21,"column":8},"end":{"line":23,"column":null}},"7":{"start":{"line":25,"column":4},"end":{"line":25,"column":null}},"8":{"start":{"line":28,"column":0},"end":{"line":28,"column":null}}},"fnMap":{"0":{"name":"error_handler_middlewere","decl":{"start":{"line":6,"column":15},"end":{"line":6,"column":39}},"loc":{"start":{"line":10,"column":22},"end":{"line":26,"column":null}}}},"branchMap":{"0":{"loc":{"start":{"line":13,"column":4},"end":{"line":17,"column":null}},"type":"if","locations":[{"start":{"line":13,"column":4},"end":{"line":17,"column":null}},{"start":{"line":15,"column":11},"end":{"line":17,"column":null}}]},"1":{"loc":{"start":{"line":20,"column":4},"end":{"line":24,"column":null}},"type":"if","locations":[{"start":{"line":20,"column":4},"end":{"line":24,"column":null}}]},"2":{"loc":{"start":{"line":22,"column":20},"end":{"line":22,"column":63}},"type":"binary-expr","locations":[{"start":{"line":22,"column":20},"end":{"line":22,"column":32}},{"start":{"line":22,"column":36},"end":{"line":22,"column":63}}]}},"s":{"0":4,"1":4,"2":26,"3":6,"4":20,"5":26,"6":26,"7":0,"8":4},"f":{"0":26},"b":{"0":[6,20],"1":[26],"2":[26,6]}}
,"/Users/nagaapparaopolqamarasetti/Hpel Bootcamp Projects/vendiman api/src/queries/inventory_items_queries/inventory_items_queries.ts": {"path":"/Users/nagaapparaopolqamarasetti/Hpel Bootcamp Projects/vendiman api/src/queries/inventory_items_queries/inventory_items_queries.ts","statementMap":{"0":{"start":{"line":1,"column":0},"end":{"line":1,"column":50}},"1":{"start":{"line":11,"column":15},"end":{"line":19,"column":6}},"2":{"start":{"line":11,"column":48},"end":{"line":19,"column":6}},"3":{"start":{"line":12,"column":8},"end":{"line":18,"column":null}},"4":{"start":{"line":21,"column":4},"end":{"line":21,"column":null}},"5":{"start":{"line":25,"column":4},"end":{"line":27,"column":null}},"6":{"start":{"line":26,"column":8},"end":{"line":26,"column":null}},"7":{"start":{"line":29,"column":4},"end":{"line":34,"column":null}},"8":{"start":{"line":39,"column":4},"end":{"line":48,"column":null}},"9":{"start":{"line":39,"column":17},"end":{"line":39,"column":18}},"10":{"start":{"line":40,"column":20},"end":{"line":40,"column":27}},"11":{"start":{"line":41,"column":8},"end":{"line":47,"column":null}},"12":{"start":{"line":42,"column":12},"end":{"line":44,"column":null}},"13":{"start":{"line":46,"column":12},"end":{"line":46,"column":null}},"14":{"start":{"line":52,"column":22},"end":{"line":52,"column":38}},"15":{"start":{"line":53,"column":26},"end":{"line":53,"column":46}},"16":{"start":{"line":54,"column":23},"end":{"line":54,"column":50}},"17":{"start":{"line":56,"column":4},"end":{"line":68,"column":null}},"18":{"start":{"line":72,"column":4},"end":{"line":87,"column":null}},"19":{"start":{"line":83,"column":12},"end":{"line":86,"column":59}},"20":{"start":{"line":91,"column":48},"end":{"line":91,"column":52}},"21":{"start":{"line":93,"column":26},"end":{"line":101,"column":6}},"22":{"start":{"line":94,"column":8},"end":{"line":100,"column":null}},"23":{"start":{"line":103,"column":4},"end":{"line":106,"column":null}},"24":{"start":{"line":109,"column":0},"end":{"line":116,"column":null}}},"fnMap":{"0":{"name":"update_inventory_items_qty","decl":{"start":{"line":7,"column":15},"end":{"line":7,"column":41}},"loc":{"start":{"line":9,"column":22},"end":{"line":22,"column":null}}},"1":{"name":"(anonymous_10)","decl":{"start":{"line":11,"column":28},"end":{"line":11,"column":35}},"loc":{"start":{"line":11,"column":48},"end":{"line":19,"column":6}}},"2":{"name":"(anonymous_11)","decl":{"start":{"line":11,"column":48},"end":{"line":11,"column":null}},"loc":{"start":{"line":11,"column":48},"end":{"line":19,"column":5}}},"3":{"name":"get_inventory_items_data","decl":{"start":{"line":24,"column":15},"end":{"line":24,"column":39}},"loc":{"start":{"line":24,"column":71},"end":{"line":35,"column":null}}},"4":{"name":"(anonymous_14)","decl":{"start":{"line":25,"column":20},"end":{"line":25,"column":21}},"loc":{"start":{"line":25,"column":33},"end":{"line":27,"column":5}}},"5":{"name":"post_items_on_inventory","decl":{"start":{"line":37,"column":15},"end":{"line":37,"column":38}},"loc":{"start":{"line":37,"column":70},"end":{"line":49,"column":null}}},"6":{"name":"filter_items","decl":{"start":{"line":51,"column":15},"end":{"line":51,"column":27}},"loc":{"start":{"line":51,"column":60},"end":{"line":69,"column":null}}},"7":{"name":"search_items","decl":{"start":{"line":71,"column":15},"end":{"line":71,"column":27}},"loc":{"start":{"line":71,"column":60},"end":{"line":88,"column":null}}},"8":{"name":"(anonymous_21)","decl":{"start":{"line":82,"column":18},"end":{"line":82,"column":19}},"loc":{"start":{"line":83,"column":12},"end":{"line":86,"column":59}}},"9":{"name":"post_ordered_items","decl":{"start":{"line":90,"column":15},"end":{"line":90,"column":33}},"loc":{"start":{"line":90,"column":51},"end":{"line":107,"column":null}}},"10":{"name":"(anonymous_24)","decl":{"start":{"line":93,"column":44},"end":{"line":93,"column":45}},"loc":{"start":{"line":93,"column":58},"end":{"line":101,"column":5}}}},"branchMap":{"0":{"loc":{"start":{"line":52,"column":22},"end":{"line":52,"column":38}},"type":"binary-expr","locations":[{"start":{"line":52,"column":22},"end":{"line":52,"column":32}},{"start":{"line":52,"column":36},"end":{"line":52,"column":38}}]},"1":{"loc":{"start":{"line":53,"column":26},"end":{"line":53,"column":46}},"type":"binary-expr","locations":[{"start":{"line":53,"column":26},"end":{"line":53,"column":40}},{"start":{"line":53,"column":44},"end":{"line":53,"column":46}}]},"2":{"loc":{"start":{"line":54,"column":23},"end":{"line":54,"column":50}},"type":"binary-expr","locations":[{"start":{"line":54,"column":23},"end":{"line":54,"column":42}},{"start":{"line":54,"column":46},"end":{"line":54,"column":50}}]}},"s":{"0":4,"1":0,"2":0,"3":0,"4":0,"5":0,"6":0,"7":0,"8":0,"9":0,"10":0,"11":0,"12":0,"13":0,"14":0,"15":0,"16":0,"17":0,"18":0,"19":0,"20":0,"21":0,"22":0,"23":0,"24":4},"f":{"0":0,"1":0,"2":0,"3":0,"4":0,"5":0,"6":0,"7":0,"8":0,"9":0,"10":0},"b":{"0":[0,0],"1":[0,0],"2":[0,0]}}
,"/Users/nagaapparaopolqamarasetti/Hpel Bootcamp Projects/vendiman api/src/queries/inventory_queries/inventory_queries.ts": {"path":"/Users/nagaapparaopolqamarasetti/Hpel Bootcamp Projects/vendiman api/src/queries/inventory_queries/inventory_queries.ts","statementMap":{"0":{"start":{"line":1,"column":0},"end":{"line":1,"column":50}},"1":{"start":{"line":7,"column":17},"end":{"line":7,"column":64}},"2":{"start":{"line":9,"column":4},"end":{"line":9,"column":null}},"3":{"start":{"line":18,"column":15},"end":{"line":26,"column":6}},"4":{"start":{"line":18,"column":48},"end":{"line":26,"column":6}},"5":{"start":{"line":19,"column":8},"end":{"line":25,"column":null}},"6":{"start":{"line":28,"column":4},"end":{"line":28,"column":null}},"7":{"start":{"line":32,"column":4},"end":{"line":34,"column":null}},"8":{"start":{"line":33,"column":8},"end":{"line":33,"column":null}},"9":{"start":{"line":36,"column":4},"end":{"line":41,"column":null}},"10":{"start":{"line":45,"column":4},"end":{"line":49,"column":null}},"11":{"start":{"line":45,"column":54},"end":{"line":49,"column":6}},"12":{"start":{"line":46,"column":19},"end":{"line":47,"column":null}},"13":{"start":{"line":53,"column":22},"end":{"line":53,"column":38}},"14":{"start":{"line":54,"column":26},"end":{"line":54,"column":46}},"15":{"start":{"line":55,"column":23},"end":{"line":55,"column":50}},"16":{"start":{"line":57,"column":4},"end":{"line":69,"column":null}},"17":{"start":{"line":73,"column":4},"end":{"line":88,"column":null}},"18":{"start":{"line":84,"column":12},"end":{"line":87,"column":59}},"19":{"start":{"line":94,"column":48},"end":{"line":94,"column":52}},"20":{"start":{"line":96,"column":26},"end":{"line":104,"column":6}},"21":{"start":{"line":97,"column":8},"end":{"line":103,"column":null}},"22":{"start":{"line":106,"column":4},"end":{"line":109,"column":null}},"23":{"start":{"line":112,"column":0},"end":{"line":115,"column":null}}},"fnMap":{"0":{"name":"getInventoryList","decl":{"start":{"line":6,"column":15},"end":{"line":6,"column":31}},"loc":{"start":{"line":6,"column":31},"end":{"line":10,"column":null}}},"1":{"name":"update_inventory_items_qty","decl":{"start":{"line":14,"column":15},"end":{"line":14,"column":41}},"loc":{"start":{"line":16,"column":22},"end":{"line":29,"column":null}}},"2":{"name":"(anonymous_12)","decl":{"start":{"line":18,"column":28},"end":{"line":18,"column":35}},"loc":{"start":{"line":18,"column":48},"end":{"line":26,"column":6}}},"3":{"name":"(anonymous_13)","decl":{"start":{"line":18,"column":48},"end":{"line":18,"column":null}},"loc":{"start":{"line":18,"column":48},"end":{"line":26,"column":5}}},"4":{"name":"get_inventory_items_data","decl":{"start":{"line":31,"column":15},"end":{"line":31,"column":39}},"loc":{"start":{"line":31,"column":71},"end":{"line":42,"column":null}}},"5":{"name":"(anonymous_16)","decl":{"start":{"line":32,"column":20},"end":{"line":32,"column":21}},"loc":{"start":{"line":32,"column":33},"end":{"line":34,"column":5}}},"6":{"name":"post_items_on_inventory","decl":{"start":{"line":44,"column":15},"end":{"line":44,"column":38}},"loc":{"start":{"line":44,"column":70},"end":{"line":50,"column":null}}},"7":{"name":"(anonymous_19)","decl":{"start":{"line":45,"column":20},"end":{"line":45,"column":27}},"loc":{"start":{"line":45,"column":54},"end":{"line":49,"column":6}}},"8":{"name":"(anonymous_20)","decl":{"start":{"line":45,"column":54},"end":{"line":45,"column":null}},"loc":{"start":{"line":45,"column":54},"end":{"line":49,"column":5}}},"9":{"name":"filter_items","decl":{"start":{"line":52,"column":15},"end":{"line":52,"column":27}},"loc":{"start":{"line":52,"column":60},"end":{"line":70,"column":null}}},"10":{"name":"search_items","decl":{"start":{"line":72,"column":15},"end":{"line":72,"column":27}},"loc":{"start":{"line":72,"column":60},"end":{"line":89,"column":null}}},"11":{"name":"(anonymous_25)","decl":{"start":{"line":83,"column":18},"end":{"line":83,"column":19}},"loc":{"start":{"line":84,"column":12},"end":{"line":87,"column":59}}},"12":{"name":"post_ordered_items","decl":{"start":{"line":93,"column":15},"end":{"line":93,"column":33}},"loc":{"start":{"line":93,"column":51},"end":{"line":110,"column":null}}},"13":{"name":"(anonymous_28)","decl":{"start":{"line":96,"column":44},"end":{"line":96,"column":45}},"loc":{"start":{"line":96,"column":58},"end":{"line":104,"column":5}}}},"branchMap":{"0":{"loc":{"start":{"line":53,"column":22},"end":{"line":53,"column":38}},"type":"binary-expr","locations":[{"start":{"line":53,"column":22},"end":{"line":53,"column":32}},{"start":{"line":53,"column":36},"end":{"line":53,"column":38}}]},"1":{"loc":{"start":{"line":54,"column":26},"end":{"line":54,"column":46}},"type":"binary-expr","locations":[{"start":{"line":54,"column":26},"end":{"line":54,"column":40}},{"start":{"line":54,"column":44},"end":{"line":54,"column":46}}]},"2":{"loc":{"start":{"line":55,"column":23},"end":{"line":55,"column":50}},"type":"binary-expr","locations":[{"start":{"line":55,"column":23},"end":{"line":55,"column":42}},{"start":{"line":55,"column":46},"end":{"line":55,"column":50}}]}},"s":{"0":4,"1":0,"2":0,"3":0,"4":0,"5":0,"6":0,"7":0,"8":0,"9":0,"10":0,"11":0,"12":0,"13":0,"14":0,"15":0,"16":0,"17":0,"18":0,"19":0,"20":0,"21":0,"22":0,"23":4},"f":{"0":0,"1":0,"2":0,"3":0,"4":0,"5":0,"6":0,"7":0,"8":0,"9":0,"10":0,"11":0,"12":0,"13":0},"b":{"0":[0,0],"1":[0,0],"2":[0,0]}}
,"/Users/nagaapparaopolqamarasetti/Hpel Bootcamp Projects/vendiman api/src/queries/user_queries.ts/user_queries.ts": {"path":"/Users/nagaapparaopolqamarasetti/Hpel Bootcamp Projects/vendiman api/src/queries/user_queries.ts/user_queries.ts","statementMap":{"0":{"start":{"line":2,"column":0},"end":{"line":2,"column":45}},"1":{"start":{"line":5,"column":4},"end":{"line":5,"column":null}},"2":{"start":{"line":9,"column":4},"end":{"line":9,"column":null}},"3":{"start":{"line":13,"column":4},"end":{"line":17,"column":null}},"4":{"start":{"line":20,"column":0},"end":{"line":20,"column":null}}},"fnMap":{"0":{"name":"get_user_by_email","decl":{"start":{"line":4,"column":15},"end":{"line":4,"column":32}},"loc":{"start":{"line":4,"column":46},"end":{"line":6,"column":null}}},"1":{"name":"update_user_token","decl":{"start":{"line":8,"column":15},"end":{"line":8,"column":32}},"loc":{"start":{"line":8,"column":61},"end":{"line":10,"column":null}}},"2":{"name":"update_user_balance","decl":{"start":{"line":12,"column":15},"end":{"line":12,"column":34}},"loc":{"start":{"line":12,"column":65},"end":{"line":18,"column":null}}}},"branchMap":{},"s":{"0":4,"1":0,"2":0,"3":0,"4":4},"f":{"0":0,"1":0,"2":0},"b":{}}
,"/Users/nagaapparaopolqamarasetti/Hpel Bootcamp Projects/vendiman api/src/routes/inventory/inventory.route.ts": {"path":"/Users/nagaapparaopolqamarasetti/Hpel Bootcamp Projects/vendiman api/src/routes/inventory/inventory.route.ts","statementMap":{"0":{"start":{"line":1,"column":0},"end":{"line":1,"column":32}},"1":{"start":{"line":2,"column":0},"end":{"line":2,"column":97}},"2":{"start":{"line":3,"column":0},"end":{"line":3,"column":115}},"3":{"start":{"line":5,"column":0},"end":{"line":5,"column":63}},"4":{"start":{"line":7,"column":14},"end":{"line":7,"column":22}},"5":{"start":{"line":9,"column":0},"end":{"line":9,"column":null}},"6":{"start":{"line":10,"column":0},"end":{"line":10,"column":null}},"7":{"start":{"line":11,"column":0},"end":{"line":11,"column":null}},"8":{"start":{"line":12,"column":0},"end":{"line":16,"column":null}},"9":{"start":{"line":17,"column":0},"end":{"line":21,"column":null}},"10":{"start":{"line":22,"column":0},"end":{"line":26,"column":null}},"11":{"start":{"line":28,"column":0},"end":{"line":28,"column":null}}},"fnMap":{},"branchMap":{},"s":{"0":4,"1":4,"2":4,"3":4,"4":4,"5":4,"6":4,"7":4,"8":4,"9":4,"10":4,"11":4},"f":{},"b":{}}
,"/Users/nagaapparaopolqamarasetti/Hpel Bootcamp Projects/vendiman api/src/routes/items/items_route.ts": {"path":"/Users/nagaapparaopolqamarasetti/Hpel Bootcamp Projects/vendiman api/src/routes/items/items_route.ts","statementMap":{"0":{"start":{"line":1,"column":0},"end":{"line":1,"column":32}},"1":{"start":{"line":4,"column":14},"end":{"line":4,"column":22}},"2":{"start":{"line":8,"column":0},"end":{"line":8,"column":null}}},"fnMap":{},"branchMap":{},"s":{"0":4,"1":4,"2":4},"f":{},"b":{}}
,"/Users/nagaapparaopolqamarasetti/Hpel Bootcamp Projects/vendiman api/src/routes/login/login_route.ts": {"path":"/Users/nagaapparaopolqamarasetti/Hpel Bootcamp Projects/vendiman api/src/routes/login/login_route.ts","statementMap":{"0":{"start":{"line":1,"column":0},"end":{"line":1,"column":51}},"1":{"start":{"line":2,"column":0},"end":{"line":2,"column":82}},"2":{"start":{"line":4,"column":14},"end":{"line":4,"column":22}},"3":{"start":{"line":6,"column":0},"end":{"line":6,"column":null}},"4":{"start":{"line":7,"column":0},"end":{"line":7,"column":null}},"5":{"start":{"line":9,"column":0},"end":{"line":9,"column":null}}},"fnMap":{},"branchMap":{},"s":{"0":4,"1":4,"2":4,"3":4,"4":4,"5":4},"f":{},"b":{}}
,"/Users/nagaapparaopolqamarasetti/Hpel Bootcamp Projects/vendiman api/src/services/inventory_items_services/inventor_items_services.ts": {"path":"/Users/nagaapparaopolqamarasetti/Hpel Bootcamp Projects/vendiman api/src/services/inventory_items_services/inventor_items_services.ts","statementMap":{"0":{"start":{"line":2,"column":0},"end":{"line":2,"column":59}},"1":{"start":{"line":3,"column":0},"end":{"line":3,"column":74}},"2":{"start":{"line":4,"column":0},"end":{"line":4,"column":57}},"3":{"start":{"line":5,"column":0},"end":{"line":5,"column":99}},"4":{"start":{"line":9,"column":0},"end":{"line":9,"column":60}},"5":{"start":{"line":10,"column":0},"end":{"line":10,"column":58}},"6":{"start":{"line":11,"column":0},"end":{"line":11,"column":33}},"7":{"start":{"line":12,"column":0},"end":{"line":12,"column":37}},"8":{"start":{"line":13,"column":0},"end":{"line":13,"column":69}},"9":{"start":{"line":19,"column":37},"end":{"line":19,"column":45}},"10":{"start":{"line":23,"column":19},"end":{"line":25,"column":27}},"11":{"start":{"line":28,"column":4},"end":{"line":30,"column":null}},"12":{"start":{"line":29,"column":8},"end":{"line":29,"column":null}},"13":{"start":{"line":32,"column":17},"end":{"line":34,"column":null}},"14":{"start":{"line":37,"column":4},"end":{"line":43,"column":null}},"15":{"start":{"line":38,"column":22},"end":{"line":40,"column":null}},"16":{"start":{"line":42,"column":8},"end":{"line":42,"column":null}},"17":{"start":{"line":47,"column":25},"end":{"line":47,"column":46}},"18":{"start":{"line":49,"column":4},"end":{"line":55,"column":null}},"19":{"start":{"line":50,"column":22},"end":{"line":52,"column":null}},"20":{"start":{"line":54,"column":8},"end":{"line":54,"column":null}},"21":{"start":{"line":59,"column":4},"end":{"line":66,"column":null}},"22":{"start":{"line":60,"column":22},"end":{"line":62,"column":null}},"23":{"start":{"line":65,"column":8},"end":{"line":65,"column":null}},"24":{"start":{"line":68,"column":26},"end":{"line":70,"column":null}},"25":{"start":{"line":74,"column":4},"end":{"line":80,"column":null}},"26":{"start":{"line":75,"column":22},"end":{"line":77,"column":null}},"27":{"start":{"line":79,"column":8},"end":{"line":79,"column":null}},"28":{"start":{"line":82,"column":4},"end":{"line":82,"column":null}},"29":{"start":{"line":86,"column":18},"end":{"line":86,"column":35}},"30":{"start":{"line":87,"column":25},"end":{"line":87,"column":46}},"31":{"start":{"line":89,"column":4},"end":{"line":95,"column":null}},"32":{"start":{"line":90,"column":22},"end":{"line":92,"column":null}},"33":{"start":{"line":94,"column":8},"end":{"line":94,"column":null}},"34":{"start":{"line":97,"column":18},"end":{"line":99,"column":null}},"35":{"start":{"line":101,"column":4},"end":{"line":107,"column":null}},"36":{"start":{"line":102,"column":22},"end":{"line":104,"column":null}},"37":{"start":{"line":106,"column":8},"end":{"line":106,"column":null}},"38":{"start":{"line":108,"column":4},"end":{"line":108,"column":null}},"39":{"start":{"line":112,"column":37},"end":{"line":112,"column":45}},"40":{"start":{"line":114,"column":19},"end":{"line":116,"column":27}},"41":{"start":{"line":118,"column":4},"end":{"line":124,"column":null}},"42":{"start":{"line":119,"column":22},"end":{"line":121,"column":null}},"43":{"start":{"line":123,"column":8},"end":{"line":123,"column":null}},"44":{"start":{"line":127,"column":21},"end":{"line":127,"column":27}},"45":{"start":{"line":130,"column":18},"end":{"line":130,"column":68}},"46":{"start":{"line":131,"column":25},"end":{"line":131,"column":61}},"47":{"start":{"line":132,"column":17},"end":{"line":132,"column":73}},"48":{"start":{"line":136,"column":8},"end":{"line":138,"column":null}},"49":{"start":{"line":142,"column":4},"end":{"line":144,"column":null}},"50":{"start":{"line":143,"column":8},"end":{"line":143,"column":null}},"51":{"start":{"line":145,"column":4},"end":{"line":147,"column":null}},"52":{"start":{"line":146,"column":8},"end":{"line":146,"column":null}},"53":{"start":{"line":150,"column":25},"end":{"line":150,"column":29}},"54":{"start":{"line":151,"column":36},"end":{"line":151,"column":38}},"55":{"start":{"line":155,"column":24},"end":{"line":163,"column":null}},"56":{"start":{"line":157,"column":12},"end":{"line":160,"column":null}},"57":{"start":{"line":158,"column":16},"end":{"line":158,"column":null}},"58":{"start":{"line":159,"column":16},"end":{"line":159,"column":null}},"59":{"start":{"line":161,"column":12},"end":{"line":161,"column":null}},"60":{"start":{"line":167,"column":4},"end":{"line":174,"column":null}},"61":{"start":{"line":168,"column":22},"end":{"line":170,"column":null}},"62":{"start":{"line":173,"column":8},"end":{"line":173,"column":null}},"63":{"start":{"line":177,"column":4},"end":{"line":184,"column":null}},"64":{"start":{"line":178,"column":22},"end":{"line":180,"column":null}},"65":{"start":{"line":183,"column":8},"end":{"line":183,"column":null}},"66":{"start":{"line":186,"column":30},"end":{"line":188,"column":null}},"67":{"start":{"line":191,"column":25},"end":{"line":196,"column":6}},"68":{"start":{"line":199,"column":8},"end":{"line":201,"column":null}},"69":{"start":{"line":204,"column":4},"end":{"line":204,"column":null}},"70":{"start":{"line":207,"column":0},"end":{"line":212,"column":null}}},"fnMap":{"0":{"name":"post_inventory_items_service","decl":{"start":{"line":18,"column":15},"end":{"line":18,"column":43}},"loc":{"start":{"line":18,"column":56},"end":{"line":44,"column":null}}},"1":{"name":"filter_items_service","decl":{"start":{"line":46,"column":15},"end":{"line":46,"column":35}},"loc":{"start":{"line":46,"column":48},"end":{"line":83,"column":null}}},"2":{"name":"search_items_service","decl":{"start":{"line":85,"column":15},"end":{"line":85,"column":35}},"loc":{"start":{"line":85,"column":48},"end":{"line":109,"column":null}}},"3":{"name":"place_order_service","decl":{"start":{"line":111,"column":15},"end":{"line":111,"column":34}},"loc":{"start":{"line":111,"column":47},"end":{"line":205,"column":null}}},"4":{"name":"(anonymous_16)","decl":{"start":{"line":142,"column":30},"end":{"line":142,"column":31}},"loc":{"start":{"line":142,"column":49},"end":{"line":144,"column":5}}},"5":{"name":"(anonymous_17)","decl":{"start":{"line":145,"column":18},"end":{"line":145,"column":19}},"loc":{"start":{"line":145,"column":37},"end":{"line":147,"column":5}}},"6":{"name":"(anonymous_18)","decl":{"start":{"line":156,"column":8},"end":{"line":156,"column":9}},"loc":{"start":{"line":156,"column":49},"end":{"line":162,"column":9}}}},"branchMap":{"0":{"loc":{"start":{"line":28,"column":4},"end":{"line":30,"column":null}},"type":"if","locations":[{"start":{"line":28,"column":4},"end":{"line":30,"column":null}}]},"1":{"loc":{"start":{"line":37,"column":4},"end":{"line":43,"column":null}},"type":"if","locations":[{"start":{"line":37,"column":4},"end":{"line":43,"column":null}}]},"2":{"loc":{"start":{"line":49,"column":4},"end":{"line":55,"column":null}},"type":"if","locations":[{"start":{"line":49,"column":4},"end":{"line":55,"column":null}}]},"3":{"loc":{"start":{"line":49,"column":8},"end":{"line":49,"column":57}},"type":"binary-expr","locations":[{"start":{"line":49,"column":8},"end":{"line":49,"column":21}},{"start":{"line":49,"column":25},"end":{"line":49,"column":57}}]},"4":{"loc":{"start":{"line":59,"column":4},"end":{"line":66,"column":null}},"type":"if","locations":[{"start":{"line":59,"column":4},"end":{"line":66,"column":null}}]},"5":{"loc":{"start":{"line":74,"column":4},"end":{"line":80,"column":null}},"type":"if","locations":[{"start":{"line":74,"column":4},"end":{"line":80,"column":null}}]},"6":{"loc":{"start":{"line":86,"column":18},"end":{"line":86,"column":35}},"type":"binary-expr","locations":[{"start":{"line":86,"column":18},"end":{"line":86,"column":29}},{"start":{"line":86,"column":33},"end":{"line":86,"column":35}}]},"7":{"loc":{"start":{"line":89,"column":4},"end":{"line":95,"column":null}},"type":"if","locations":[{"start":{"line":89,"column":4},"end":{"line":95,"column":null}}]},"8":{"loc":{"start":{"line":89,"column":8},"end":{"line":89,"column":57}},"type":"binary-expr","locations":[{"start":{"line":89,"column":8},"end":{"line":89,"column":21}},{"start":{"line":89,"column":25},"end":{"line":89,"column":57}}]},"9":{"loc":{"start":{"line":101,"column":4},"end":{"line":107,"column":null}},"type":"if","locations":[{"start":{"line":101,"column":4},"end":{"line":107,"column":null}}]},"10":{"loc":{"start":{"line":118,"column":4},"end":{"line":124,"column":null}},"type":"if","locations":[{"start":{"line":118,"column":4},"end":{"line":124,"column":null}}]},"11":{"loc":{"start":{"line":130,"column":18},"end":{"line":130,"column":68}},"type":"cond-expr","locations":[{"start":{"line":130,"column":43},"end":{"line":130,"column":45}},{"start":{"line":130,"column":43},"end":{"line":130,"column":68}}]},"12":{"loc":{"start":{"line":130,"column":18},"end":{"line":130,"column":45}},"type":"binary-expr","locations":[{"start":{"line":130,"column":18},"end":{"line":130,"column":45}},{"start":{"line":130,"column":43},"end":{"line":130,"column":45}}]},"13":{"loc":{"start":{"line":157,"column":12},"end":{"line":160,"column":null}},"type":"if","locations":[{"start":{"line":157,"column":12},"end":{"line":160,"column":null}}]},"14":{"loc":{"start":{"line":157,"column":16},"end":{"line":157,"column":63}},"type":"binary-expr","locations":[{"start":{"line":157,"column":16},"end":{"line":157,"column":45}},{"start":{"line":157,"column":49},"end":{"line":157,"column":63}}]},"15":{"loc":{"start":{"line":167,"column":4},"end":{"line":174,"column":null}},"type":"if","locations":[{"start":{"line":167,"column":4},"end":{"line":174,"column":null}}]},"16":{"loc":{"start":{"line":177,"column":4},"end":{"line":184,"column":null}},"type":"if","locations":[{"start":{"line":177,"column":4},"end":{"line":184,"column":null}}]}},"s":{"0":4,"1":4,"2":4,"3":4,"4":4,"5":4,"6":4,"7":4,"8":4,"9":4,"10":4,"11":4,"12":1,"13":3,"14":1,"15":0,"16":0,"17":5,"18":5,"19":1,"20":1,"21":4,"22":1,"23":1,"24":3,"25":2,"26":1,"27":1,"28":1,"29":4,"30":4,"31":4,"32":1,"33":1,"34":3,"35":2,"36":1,"37":1,"38":1,"39":10,"40":10,"41":10,"42":6,"43":6,"44":4,"45":4,"46":4,"47":4,"48":3,"49":3,"50":0,"51":3,"52":0,"53":3,"54":3,"55":3,"56":3,"57":1,"58":1,"59":3,"60":3,"61":1,"62":1,"63":2,"64":1,"65":1,"66":1,"67":1,"68":1,"69":1,"70":4},"f":{"0":4,"1":5,"2":4,"3":10,"4":0,"5":0,"6":3},"b":{"0":[1],"1":[0],"2":[1],"3":[5,4],"4":[1],"5":[1],"6":[4,1],"7":[1],"8":[4,3],"9":[1],"10":[6],"11":[0,4],"12":[4,4],"13":[1],"14":[3,1],"15":[1],"16":[1]}}
,"/Users/nagaapparaopolqamarasetti/Hpel Bootcamp Projects/vendiman api/src/services/inventory_services/inventory_services.ts": {"path":"/Users/nagaapparaopolqamarasetti/Hpel Bootcamp Projects/vendiman api/src/services/inventory_services/inventory_services.ts","statementMap":{"0":{"start":{"line":1,"column":0},"end":{"line":1,"column":81}},"1":{"start":{"line":4,"column":4},"end":{"line":4,"column":null}},"2":{"start":{"line":7,"column":0},"end":{"line":7,"column":null}}},"fnMap":{"0":{"name":"get_inventories_service","decl":{"start":{"line":3,"column":15},"end":{"line":3,"column":38}},"loc":{"start":{"line":3,"column":38},"end":{"line":5,"column":null}}}},"branchMap":{},"s":{"0":4,"1":2,"2":4},"f":{"0":2},"b":{}}
,"/Users/nagaapparaopolqamarasetti/Hpel Bootcamp Projects/vendiman api/src/services/user_services/user_services.ts": {"path":"/Users/nagaapparaopolqamarasetti/Hpel Bootcamp Projects/vendiman api/src/services/user_services/user_services.ts","statementMap":{"0":{"start":{"line":2,"column":0},"end":{"line":2,"column":37}},"1":{"start":{"line":3,"column":0},"end":{"line":3,"column":69}},"2":{"start":{"line":4,"column":0},"end":{"line":4,"column":59}},"3":{"start":{"line":5,"column":0},"end":{"line":5,"column":61}},"4":{"start":{"line":6,"column":0},"end":{"line":6,"column":58}},"5":{"start":{"line":11,"column":27},"end":{"line":11,"column":35}},"6":{"start":{"line":13,"column":4},"end":{"line":20,"column":null}},"7":{"start":{"line":14,"column":22},"end":{"line":16,"column":null}},"8":{"start":{"line":19,"column":8},"end":{"line":19,"column":null}},"9":{"start":{"line":22,"column":22},"end":{"line":22,"column":65}},"10":{"start":{"line":23,"column":4},"end":{"line":29,"column":null}},"11":{"start":{"line":24,"column":22},"end":{"line":26,"column":null}},"12":{"start":{"line":28,"column":8},"end":{"line":28,"column":null}},"13":{"start":{"line":31,"column":4},"end":{"line":37,"column":null}},"14":{"start":{"line":32,"column":22},"end":{"line":34,"column":null}},"15":{"start":{"line":36,"column":8},"end":{"line":36,"column":null}},"16":{"start":{"line":39,"column":23},"end":{"line":39,"column":69}},"17":{"start":{"line":41,"column":4},"end":{"line":47,"column":null}},"18":{"start":{"line":42,"column":22},"end":{"line":44,"column":null}},"19":{"start":{"line":46,"column":8},"end":{"line":46,"column":null}},"20":{"start":{"line":49,"column":16},"end":{"line":49,"column":67}},"21":{"start":{"line":51,"column":4},"end":{"line":51,"column":null}},"22":{"start":{"line":54,"column":0},"end":{"line":54,"column":null}}},"fnMap":{"0":{"name":"login_otp_verify","decl":{"start":{"line":10,"column":15},"end":{"line":10,"column":31}},"loc":{"start":{"line":10,"column":44},"end":{"line":52,"column":null}}}},"branchMap":{"0":{"loc":{"start":{"line":13,"column":4},"end":{"line":20,"column":null}},"type":"if","locations":[{"start":{"line":13,"column":4},"end":{"line":20,"column":null}}]},"1":{"loc":{"start":{"line":13,"column":8},"end":{"line":13,"column":53}},"type":"binary-expr","locations":[{"start":{"line":13,"column":8},"end":{"line":13,"column":14}},{"start":{"line":13,"column":18},"end":{"line":13,"column":45}},{"start":{"line":13,"column":49},"end":{"line":13,"column":53}}]},"2":{"loc":{"start":{"line":23,"column":4},"end":{"line":29,"column":null}},"type":"if","locations":[{"start":{"line":23,"column":4},"end":{"line":29,"column":null}}]},"3":{"loc":{"start":{"line":31,"column":4},"end":{"line":37,"column":null}},"type":"if","locations":[{"start":{"line":31,"column":4},"end":{"line":37,"column":null}}]},"4":{"loc":{"start":{"line":41,"column":4},"end":{"line":47,"column":null}},"type":"if","locations":[{"start":{"line":41,"column":4},"end":{"line":47,"column":null}}]}},"s":{"0":4,"1":4,"2":4,"3":4,"4":4,"5":7,"6":7,"7":1,"8":1,"9":6,"10":5,"11":1,"12":1,"13":4,"14":1,"15":1,"16":3,"17":3,"18":2,"19":2,"20":1,"21":1,"22":4},"f":{"0":7},"b":{"0":[1],"1":[7,6,6],"2":[1],"3":[1],"4":[2]}}
,"/Users/nagaapparaopolqamarasetti/Hpel Bootcamp Projects/vendiman api/src/utils/utils.ts": {"path":"/Users/nagaapparaopolqamarasetti/Hpel Bootcamp Projects/vendiman api/src/utils/utils.ts","statementMap":{"0":{"start":{"line":1,"column":0},"end":{"line":1,"column":27}},"1":{"start":{"line":2,"column":0},"end":{"line":2,"column":46}},"2":{"start":{"line":3,"column":0},"end":{"line":3,"column":35}},"3":{"start":{"line":5,"column":0},"end":{"line":5,"column":33}},"4":{"start":{"line":6,"column":17},"end":{"line":6,"column":31}},"5":{"start":{"line":7,"column":0},"end":{"line":7,"column":null}},"6":{"start":{"line":9,"column":12},"end":{"line":9,"column":73}},"7":{"start":{"line":17,"column":4},"end":{"line":19,"column":null}},"8":{"start":{"line":23,"column":4},"end":{"line":33,"column":null}},"9":{"start":{"line":27,"column":12},"end":{"line":29,"column":null}},"10":{"start":{"line":28,"column":16},"end":{"line":28,"column":null}},"11":{"start":{"line":31,"column":12},"end":{"line":31,"column":null}},"12":{"start":{"line":37,"column":4},"end":{"line":39,"column":null}},"13":{"start":{"line":38,"column":8},"end":{"line":38,"column":null}},"14":{"start":{"line":41,"column":4},"end":{"line":41,"column":null}},"15":{"start":{"line":45,"column":4},"end":{"line":80,"column":null}},"16":{"start":{"line":46,"column":24},"end":{"line":54,"column":10}},"17":{"start":{"line":56,"column":24},"end":{"line":63,"column":null}},"18":{"start":{"line":65,"column":25},"end":{"line":65,"column":45}},"19":{"start":{"line":67,"column":19},"end":{"line":75,"column":10}},"20":{"start":{"line":77,"column":8},"end":{"line":77,"column":null}},"21":{"start":{"line":79,"column":8},"end":{"line":79,"column":null}},"22":{"start":{"line":83,"column":0},"end":{"line":83,"column":null}}},"fnMap":{"0":{"name":"generateJWT","decl":{"start":{"line":11,"column":9},"end":{"line":11,"column":20}},"loc":{"start":{"line":15,"column":32},"end":{"line":20,"column":1}}},"1":{"name":"verifyJWT","decl":{"start":{"line":22,"column":9},"end":{"line":22,"column":18}},"loc":{"start":{"line":22,"column":32},"end":{"line":34,"column":1}}},"2":{"name":"(anonymous_10)","decl":{"start":{"line":26,"column":8},"end":{"line":26,"column":9}},"loc":{"start":{"line":26,"column":25},"end":{"line":32,"column":9}}},"3":{"name":"validateEmail","decl":{"start":{"line":36,"column":9},"end":{"line":36,"column":22}},"loc":{"start":{"line":36,"column":35},"end":{"line":42,"column":1}}},"4":{"name":"sendMail","decl":{"start":{"line":44,"column":15},"end":{"line":44,"column":23}},"loc":{"start":{"line":44,"column":50},"end":{"line":81,"column":null}}}},"branchMap":{"0":{"loc":{"start":{"line":15,"column":4},"end":{"line":15,"column":32}},"type":"default-arg","locations":[{"start":{"line":15,"column":24},"end":{"line":15,"column":32}}]},"1":{"loc":{"start":{"line":27,"column":12},"end":{"line":29,"column":null}},"type":"if","locations":[{"start":{"line":27,"column":12},"end":{"line":29,"column":null}}]},"2":{"loc":{"start":{"line":37,"column":4},"end":{"line":39,"column":null}},"type":"if","locations":[{"start":{"line":37,"column":4},"end":{"line":39,"column":null}}]}},"s":{"0":5,"1":5,"2":5,"3":5,"4":5,"5":5,"6":5,"7":2,"8":3,"9":3,"10":2,"11":1,"12":8,"13":7,"14":1,"15":0,"16":0,"17":0,"18":0,"19":0,"20":0,"21":0,"22":5},"f":{"0":2,"1":3,"2":3,"3":8,"4":0},"b":{"0":[1],"1":[2],"2":[7]}}
,"/Users/nagaapparaopolqamarasetti/Hpel Bootcamp Projects/vendiman api/src/utils/Errors/custom_error.ts": {"path":"/Users/nagaapparaopolqamarasetti/Hpel Bootcamp Projects/vendiman api/src/utils/Errors/custom_error.ts","statementMap":{"0":{"start":{"line":5,"column":8},"end":{"line":5,"column":null}},"1":{"start":{"line":2,"column":4},"end":{"line":2,"column":null}},"2":{"start":{"line":7,"column":8},"end":{"line":7,"column":null}},"3":{"start":{"line":8,"column":8},"end":{"line":8,"column":null}},"4":{"start":{"line":12,"column":0},"end":{"line":12,"column":null}}},"fnMap":{"0":{"name":"(anonymous_0)","decl":{"start":{"line":4,"column":4},"end":{"line":4,"column":16}},"loc":{"start":{"line":4,"column":47},"end":{"line":9,"column":5}}}},"branchMap":{},"s":{"0":20,"1":20,"2":20,"3":20,"4":4},"f":{"0":20},"b":{}}
,"/Users/nagaapparaopolqamarasetti/Hpel Bootcamp Projects/vendiman api/src/utils/Errors/error_message.ts": {"path":"/Users/nagaapparaopolqamarasetti/Hpel Bootcamp Projects/vendiman api/src/utils/Errors/error_message.ts","statementMap":{"0":{"start":{"line":1,"column":12},"end":{"line":16,"column":null}},"1":{"start":{"line":18,"column":0},"end":{"line":18,"column":null}}},"fnMap":{},"branchMap":{},"s":{"0":4,"1":4},"f":{},"b":{}}
,"/Users/nagaapparaopolqamarasetti/Hpel Bootcamp Projects/vendiman api/src/utils/Errors/status_codes.ts": {"path":"/Users/nagaapparaopolqamarasetti/Hpel Bootcamp Projects/vendiman api/src/utils/Errors/status_codes.ts","statementMap":{"0":{"start":{"line":1,"column":21},"end":{"line":9,"column":null}},"1":{"start":{"line":11,"column":0},"end":{"line":11,"column":null}}},"fnMap":{},"branchMap":{},"s":{"0":4,"1":4},"f":{},"b":{}}
,"/Users/nagaapparaopolqamarasetti/Hpel Bootcamp Projects/vendiman api/src/utils/validations/schema_validations.ts": {"path":"/Users/nagaapparaopolqamarasetti/Hpel Bootcamp Projects/vendiman api/src/utils/validations/schema_validations.ts","statementMap":{"0":{"start":{"line":1,"column":0},"end":{"line":1,"column":21}},"1":{"start":{"line":5,"column":19},"end":{"line":18,"column":6}},"2":{"start":{"line":19,"column":4},"end":{"line":19,"column":null}},"3":{"start":{"line":22,"column":0},"end":{"line":22,"column":null}}},"fnMap":{"0":{"name":"post_inventory_items_schema","decl":{"start":{"line":4,"column":9},"end":{"line":4,"column":36}},"loc":{"start":{"line":4,"column":36},"end":{"line":20,"column":1}}}},"branchMap":{},"s":{"0":4,"1":14,"2":14,"3":4},"f":{"0":14},"b":{}}
}
