{"/Users/nagaapparaopolqamarasetti/Hpel Bootcamp Projects/vendiman api/knexfile.ts": {"path":"/Users/nagaapparaopolqamarasetti/Hpel Bootcamp Projects/vendiman api/knexfile.ts","statementMap":{"0":{"start":{"line":5,"column":13},"end":{"line":5,"column":28}},"1":{"start":{"line":7,"column":18},"end":{"line":7,"column":56}},"2":{"start":{"line":9,"column":47},"end":{"line":42,"column":null}},"3":{"start":{"line":44,"column":0},"end":{"line":44,"column":null}}},"fnMap":{},"branchMap":{},"s":{"0":2,"1":2,"2":2,"3":2},"f":{},"b":{}}
,"/Users/nagaapparaopolqamarasetti/Hpel Bootcamp Projects/vendiman api/src/index.ts": {"path":"/Users/nagaapparaopolqamarasetti/Hpel Bootcamp Projects/vendiman api/src/index.ts","statementMap":{"0":{"start":{"line":1,"column":0},"end":{"line":1,"column":52}},"1":{"start":{"line":2,"column":0},"end":{"line":2,"column":23}},"2":{"start":{"line":3,"column":0},"end":{"line":3,"column":33}},"3":{"start":{"line":4,"column":0},"end":{"line":4,"column":52}},"4":{"start":{"line":6,"column":0},"end":{"line":6,"column":null}},"5":{"start":{"line":8,"column":12},"end":{"line":8,"column":21}},"6":{"start":{"line":9,"column":0},"end":{"line":9,"column":null}},"7":{"start":{"line":13,"column":0},"end":{"line":13,"column":null}},"8":{"start":{"line":14,"column":0},"end":{"line":14,"column":null}},"9":{"start":{"line":16,"column":0},"end":{"line":18,"column":null}},"10":{"start":{"line":17,"column":4},"end":{"line":17,"column":null}},"11":{"start":{"line":20,"column":0},"end":{"line":20,"column":null}},"12":{"start":{"line":22,"column":0},"end":{"line":24,"column":null}},"13":{"start":{"line":23,"column":4},"end":{"line":23,"column":null}},"14":{"start":{"line":26,"column":0},"end":{"line":28,"column":null}},"15":{"start":{"line":27,"column":4},"end":{"line":27,"column":null}}},"fnMap":{"0":{"name":"(anonymous_1)","decl":{"start":{"line":16,"column":13},"end":{"line":16,"column":14}},"loc":{"start":{"line":16,"column":26},"end":{"line":18,"column":1}}},"1":{"name":"(anonymous_2)","decl":{"start":{"line":22,"column":8},"end":{"line":22,"column":9}},"loc":{"start":{"line":22,"column":21},"end":{"line":24,"column":1}}},"2":{"name":"(anonymous_3)","decl":{"start":{"line":26,"column":29},"end":{"line":26,"column":32}},"loc":{"start":{"line":26,"column":34},"end":{"line":28,"column":1}}}},"branchMap":{},"s":{"0":2,"1":2,"2":2,"3":2,"4":2,"5":2,"6":2,"7":2,"8":2,"9":2,"10":1,"11":2,"12":2,"13":1,"14":2,"15":1},"f":{"0":1,"1":1,"2":1},"b":{}}
,"/Users/nagaapparaopolqamarasetti/Hpel Bootcamp Projects/vendiman api/src/configs/connection.ts": {"path":"/Users/nagaapparaopolqamarasetti/Hpel Bootcamp Projects/vendiman api/src/configs/connection.ts","statementMap":{"0":{"start":{"line":1,"column":20},"end":{"line":1,"column":57}},"1":{"start":{"line":2,"column":15},"end":{"line":2,"column":53}},"2":{"start":{"line":3,"column":13},"end":{"line":3,"column":36}},"3":{"start":{"line":4,"column":0},"end":{"line":4,"column":null}}},"fnMap":{},"branchMap":{"0":{"loc":{"start":{"line":1,"column":20},"end":{"line":1,"column":57}},"type":"binary-expr","locations":[{"start":{"line":1,"column":20},"end":{"line":1,"column":40}},{"start":{"line":1,"column":44},"end":{"line":1,"column":57}}]}},"s":{"0":2,"1":2,"2":2,"3":2},"f":{},"b":{"0":[2,0]}}
,"/Users/nagaapparaopolqamarasetti/Hpel Bootcamp Projects/vendiman api/src/controllers/user_controllers/user_controllers.ts": {"path":"/Users/nagaapparaopolqamarasetti/Hpel Bootcamp Projects/vendiman api/src/controllers/user_controllers/user_controllers.ts","statementMap":{"0":{"start":{"line":1,"column":0},"end":{"line":1,"column":69}},"1":{"start":{"line":2,"column":21},"end":{"line":2,"column":45}},"2":{"start":{"line":4,"column":0},"end":{"line":4,"column":37}},"3":{"start":{"line":7,"column":0},"end":{"line":7,"column":null}},"4":{"start":{"line":10,"column":27},"end":{"line":10,"column":35}},"5":{"start":{"line":11,"column":4},"end":{"line":11,"column":null}},"6":{"start":{"line":12,"column":4},"end":{"line":47,"column":null}},"7":{"start":{"line":13,"column":8},"end":{"line":17,"column":null}},"8":{"start":{"line":14,"column":12},"end":{"line":16,"column":null}},"9":{"start":{"line":19,"column":26},"end":{"line":19,"column":60}},"10":{"start":{"line":21,"column":8},"end":{"line":23,"column":null}},"11":{"start":{"line":22,"column":12},"end":{"line":22,"column":null}},"12":{"start":{"line":25,"column":8},"end":{"line":27,"column":null}},"13":{"start":{"line":26,"column":12},"end":{"line":26,"column":null}},"14":{"start":{"line":29,"column":8},"end":{"line":33,"column":null}},"15":{"start":{"line":30,"column":12},"end":{"line":32,"column":null}},"16":{"start":{"line":35,"column":27},"end":{"line":35,"column":73}},"17":{"start":{"line":36,"column":8},"end":{"line":38,"column":null}},"18":{"start":{"line":37,"column":12},"end":{"line":37,"column":null}},"19":{"start":{"line":40,"column":20},"end":{"line":40,"column":65}},"20":{"start":{"line":42,"column":8},"end":{"line":42,"column":null}},"21":{"start":{"line":44,"column":8},"end":{"line":46,"column":null}},"22":{"start":{"line":51,"column":22},"end":{"line":51,"column":30}},"23":{"start":{"line":52,"column":4},"end":{"line":100,"column":null}},"24":{"start":{"line":53,"column":8},"end":{"line":57,"column":null}},"25":{"start":{"line":54,"column":12},"end":{"line":56,"column":null}},"26":{"start":{"line":58,"column":26},"end":{"line":58,"column":60}},"27":{"start":{"line":59,"column":8},"end":{"line":61,"column":null}},"28":{"start":{"line":60,"column":12},"end":{"line":60,"column":null}},"29":{"start":{"line":63,"column":8},"end":{"line":67,"column":null}},"30":{"start":{"line":64,"column":12},"end":{"line":66,"column":null}},"31":{"start":{"line":69,"column":20},"end":{"line":72,"column":10}},"32":{"start":{"line":73,"column":22},"end":{"line":73,"column":77}},"33":{"start":{"line":75,"column":33},"end":{"line":77,"column":null}},"34":{"start":{"line":80,"column":8},"end":{"line":84,"column":null}},"35":{"start":{"line":81,"column":12},"end":{"line":83,"column":null}},"36":{"start":{"line":86,"column":28},"end":{"line":90,"column":10}},"37":{"start":{"line":91,"column":8},"end":{"line":95,"column":null}},"38":{"start":{"line":92,"column":12},"end":{"line":94,"column":null}},"39":{"start":{"line":97,"column":8},"end":{"line":97,"column":null}},"40":{"start":{"line":99,"column":8},"end":{"line":99,"column":null}},"41":{"start":{"line":103,"column":0},"end":{"line":103,"column":null}}},"fnMap":{"0":{"name":"login_user","decl":{"start":{"line":9,"column":15},"end":{"line":9,"column":25}},"loc":{"start":{"line":9,"column":53},"end":{"line":48,"column":null}}},"1":{"name":"get_otp","decl":{"start":{"line":50,"column":15},"end":{"line":50,"column":22}},"loc":{"start":{"line":50,"column":50},"end":{"line":101,"column":null}}}},"branchMap":{"0":{"loc":{"start":{"line":13,"column":8},"end":{"line":17,"column":null}},"type":"if","locations":[{"start":{"line":13,"column":8},"end":{"line":17,"column":null}}]},"1":{"loc":{"start":{"line":13,"column":12},"end":{"line":13,"column":26}},"type":"binary-expr","locations":[{"start":{"line":13,"column":12},"end":{"line":13,"column":18}},{"start":{"line":13,"column":22},"end":{"line":13,"column":26}}]},"2":{"loc":{"start":{"line":21,"column":8},"end":{"line":23,"column":null}},"type":"if","locations":[{"start":{"line":21,"column":8},"end":{"line":23,"column":null}}]},"3":{"loc":{"start":{"line":25,"column":8},"end":{"line":27,"column":null}},"type":"if","locations":[{"start":{"line":25,"column":8},"end":{"line":27,"column":null}}]},"4":{"loc":{"start":{"line":29,"column":8},"end":{"line":33,"column":null}},"type":"if","locations":[{"start":{"line":29,"column":8},"end":{"line":33,"column":null}}]},"5":{"loc":{"start":{"line":36,"column":8},"end":{"line":38,"column":null}},"type":"if","locations":[{"start":{"line":36,"column":8},"end":{"line":38,"column":null}}]},"6":{"loc":{"start":{"line":53,"column":8},"end":{"line":57,"column":null}},"type":"if","locations":[{"start":{"line":53,"column":8},"end":{"line":57,"column":null}}]},"7":{"loc":{"start":{"line":53,"column":12},"end":{"line":53,"column":49}},"type":"binary-expr","locations":[{"start":{"line":53,"column":12},"end":{"line":53,"column":18}},{"start":{"line":53,"column":22},"end":{"line":53,"column":49}}]},"8":{"loc":{"start":{"line":59,"column":8},"end":{"line":61,"column":null}},"type":"if","locations":[{"start":{"line":59,"column":8},"end":{"line":61,"column":null}}]},"9":{"loc":{"start":{"line":63,"column":8},"end":{"line":67,"column":null}},"type":"if","locations":[{"start":{"line":63,"column":8},"end":{"line":67,"column":null}}]},"10":{"loc":{"start":{"line":80,"column":8},"end":{"line":84,"column":null}},"type":"if","locations":[{"start":{"line":80,"column":8},"end":{"line":84,"column":null}}]},"11":{"loc":{"start":{"line":91,"column":8},"end":{"line":95,"column":null}},"type":"if","locations":[{"start":{"line":91,"column":8},"end":{"line":95,"column":null}}]}},"s":{"0":2,"1":2,"2":2,"3":2,"4":8,"5":8,"6":8,"7":8,"8":1,"9":7,"10":6,"11":1,"12":5,"13":1,"14":4,"15":1,"16":3,"17":3,"18":2,"19":1,"20":1,"21":1,"22":7,"23":7,"24":7,"25":1,"26":6,"27":5,"28":1,"29":4,"30":1,"31":3,"32":3,"33":3,"34":3,"35":1,"36":2,"37":2,"38":1,"39":1,"40":1,"41":2},"f":{"0":8,"1":7},"b":{"0":[1],"1":[8,7],"2":[1],"3":[1],"4":[1],"5":[2],"6":[1],"7":[7,7],"8":[1],"9":[1],"10":[1],"11":[1]}}
,"/Users/nagaapparaopolqamarasetti/Hpel Bootcamp Projects/vendiman api/src/queries/user_queries.ts/user_queries.ts": {"path":"/Users/nagaapparaopolqamarasetti/Hpel Bootcamp Projects/vendiman api/src/queries/user_queries.ts/user_queries.ts","statementMap":{"0":{"start":{"line":1,"column":0},"end":{"line":1,"column":45}},"1":{"start":{"line":4,"column":4},"end":{"line":16,"column":null}},"2":{"start":{"line":5,"column":21},"end":{"line":9,"column":20}},"3":{"start":{"line":10,"column":8},"end":{"line":12,"column":null}},"4":{"start":{"line":11,"column":12},"end":{"line":11,"column":null}},"5":{"start":{"line":13,"column":8},"end":{"line":13,"column":46}},"6":{"start":{"line":15,"column":8},"end":{"line":15,"column":null}},"7":{"start":{"line":20,"column":4},"end":{"line":28,"column":null}},"8":{"start":{"line":21,"column":21},"end":{"line":23,"column":34}},"9":{"start":{"line":25,"column":8},"end":{"line":25,"column":46}},"10":{"start":{"line":27,"column":8},"end":{"line":27,"column":null}},"11":{"start":{"line":31,"column":0},"end":{"line":31,"column":null}}},"fnMap":{"0":{"name":"get_user","decl":{"start":{"line":3,"column":15},"end":{"line":3,"column":23}},"loc":{"start":{"line":3,"column":37},"end":{"line":17,"column":null}}},"1":{"name":"update_user_token","decl":{"start":{"line":19,"column":15},"end":{"line":19,"column":32}},"loc":{"start":{"line":19,"column":61},"end":{"line":29,"column":null}}}},"branchMap":{"0":{"loc":{"start":{"line":10,"column":8},"end":{"line":12,"column":null}},"type":"if","locations":[{"start":{"line":10,"column":8},"end":{"line":12,"column":null}}]}},"s":{"0":2,"1":0,"2":0,"3":0,"4":0,"5":0,"6":0,"7":2,"8":2,"9":2,"10":0,"11":2},"f":{"0":0,"1":2},"b":{"0":[0]}}
,"/Users/nagaapparaopolqamarasetti/Hpel Bootcamp Projects/vendiman api/src/routes/login/login_route.ts": {"path":"/Users/nagaapparaopolqamarasetti/Hpel Bootcamp Projects/vendiman api/src/routes/login/login_route.ts","statementMap":{"0":{"start":{"line":1,"column":0},"end":{"line":1,"column":51}},"1":{"start":{"line":2,"column":0},"end":{"line":2,"column":82}},"2":{"start":{"line":4,"column":14},"end":{"line":4,"column":22}},"3":{"start":{"line":6,"column":0},"end":{"line":6,"column":null}},"4":{"start":{"line":7,"column":0},"end":{"line":7,"column":null}},"5":{"start":{"line":9,"column":0},"end":{"line":9,"column":null}}},"fnMap":{},"branchMap":{},"s":{"0":2,"1":2,"2":2,"3":2,"4":2,"5":2},"f":{},"b":{}}
,"/Users/nagaapparaopolqamarasetti/Hpel Bootcamp Projects/vendiman api/src/utils/utils.ts": {"path":"/Users/nagaapparaopolqamarasetti/Hpel Bootcamp Projects/vendiman api/src/utils/utils.ts","statementMap":{"0":{"start":{"line":1,"column":0},"end":{"line":1,"column":27}},"1":{"start":{"line":2,"column":0},"end":{"line":2,"column":46}},"2":{"start":{"line":3,"column":0},"end":{"line":3,"column":35}},"3":{"start":{"line":5,"column":0},"end":{"line":5,"column":33}},"4":{"start":{"line":6,"column":17},"end":{"line":6,"column":31}},"5":{"start":{"line":7,"column":0},"end":{"line":7,"column":null}},"6":{"start":{"line":9,"column":12},"end":{"line":9,"column":73}},"7":{"start":{"line":17,"column":4},"end":{"line":19,"column":null}},"8":{"start":{"line":23,"column":4},"end":{"line":33,"column":null}},"9":{"start":{"line":27,"column":12},"end":{"line":29,"column":null}},"10":{"start":{"line":28,"column":16},"end":{"line":28,"column":null}},"11":{"start":{"line":31,"column":12},"end":{"line":31,"column":null}},"12":{"start":{"line":37,"column":4},"end":{"line":39,"column":null}},"13":{"start":{"line":38,"column":8},"end":{"line":38,"column":null}},"14":{"start":{"line":41,"column":4},"end":{"line":41,"column":null}},"15":{"start":{"line":45,"column":4},"end":{"line":79,"column":null}},"16":{"start":{"line":46,"column":24},"end":{"line":54,"column":10}},"17":{"start":{"line":56,"column":24},"end":{"line":63,"column":null}},"18":{"start":{"line":65,"column":25},"end":{"line":65,"column":45}},"19":{"start":{"line":67,"column":19},"end":{"line":75,"column":10}},"20":{"start":{"line":76,"column":8},"end":{"line":76,"column":null}},"21":{"start":{"line":78,"column":8},"end":{"line":78,"column":null}},"22":{"start":{"line":82,"column":0},"end":{"line":82,"column":null}}},"fnMap":{"0":{"name":"generateJWT","decl":{"start":{"line":11,"column":9},"end":{"line":11,"column":20}},"loc":{"start":{"line":15,"column":32},"end":{"line":20,"column":1}}},"1":{"name":"verifyJWT","decl":{"start":{"line":22,"column":9},"end":{"line":22,"column":18}},"loc":{"start":{"line":22,"column":32},"end":{"line":34,"column":1}}},"2":{"name":"(anonymous_10)","decl":{"start":{"line":26,"column":8},"end":{"line":26,"column":9}},"loc":{"start":{"line":26,"column":25},"end":{"line":32,"column":9}}},"3":{"name":"validateEmail","decl":{"start":{"line":36,"column":9},"end":{"line":36,"column":22}},"loc":{"start":{"line":36,"column":35},"end":{"line":42,"column":1}}},"4":{"name":"sendMail","decl":{"start":{"line":44,"column":15},"end":{"line":44,"column":23}},"loc":{"start":{"line":44,"column":50},"end":{"line":80,"column":null}}}},"branchMap":{"0":{"loc":{"start":{"line":15,"column":4},"end":{"line":15,"column":32}},"type":"default-arg","locations":[{"start":{"line":15,"column":24},"end":{"line":15,"column":32}}]},"1":{"loc":{"start":{"line":27,"column":12},"end":{"line":29,"column":null}},"type":"if","locations":[{"start":{"line":27,"column":12},"end":{"line":29,"column":null}}]},"2":{"loc":{"start":{"line":37,"column":4},"end":{"line":39,"column":null}},"type":"if","locations":[{"start":{"line":37,"column":4},"end":{"line":39,"column":null}}]}},"s":{"0":3,"1":3,"2":3,"3":3,"4":3,"5":3,"6":3,"7":5,"8":2,"9":2,"10":1,"11":1,"12":9,"13":7,"14":2,"15":2,"16":2,"17":2,"18":2,"19":2,"20":1,"21":1,"22":3},"f":{"0":5,"1":2,"2":2,"3":9,"4":2},"b":{"0":[5],"1":[1],"2":[7]}}
}
