TN:
SF:knexfile.ts
FNF:0
FNH:0
DA:5,2
DA:7,2
DA:9,2
DA:44,2
LF:4
LH:4
BRF:0
BRH:0
end_of_record
TN:
SF:src/index.ts
FN:16,(anonymous_1)
FN:22,(anonymous_2)
FN:26,(anonymous_3)
FNF:3
FNH:3
FNDA:1,(anonymous_1)
FNDA:1,(anonymous_2)
FNDA:1,(anonymous_3)
DA:1,2
DA:2,2
DA:3,2
DA:4,2
DA:6,2
DA:8,2
DA:9,2
DA:13,2
DA:14,2
DA:16,2
DA:17,1
DA:20,2
DA:22,2
DA:23,1
DA:26,2
DA:27,1
LF:16
LH:16
BRF:0
BRH:0
end_of_record
TN:
SF:src/configs/connection.ts
FNF:0
FNH:0
DA:1,2
DA:2,2
DA:3,2
DA:4,2
LF:4
LH:4
BRDA:1,0,0,2
BRDA:1,0,1,0
BRF:2
BRH:1
end_of_record
TN:
SF:src/controllers/user_controllers/user_controllers.ts
FN:9,login_user
FN:50,get_otp
FNF:2
FNH:2
FNDA:8,login_user
FNDA:7,get_otp
DA:1,2
DA:2,2
DA:4,2
DA:7,2
DA:10,8
DA:11,8
DA:12,8
DA:13,8
DA:14,1
DA:19,7
DA:21,6
DA:22,1
DA:25,5
DA:26,1
DA:29,4
DA:30,1
DA:35,3
DA:36,3
DA:37,2
DA:40,1
DA:42,1
DA:44,1
DA:51,7
DA:52,7
DA:53,7
DA:54,1
DA:58,6
DA:59,5
DA:60,1
DA:63,4
DA:64,1
DA:69,3
DA:73,3
DA:75,3
DA:80,3
DA:81,1
DA:86,2
DA:91,2
DA:92,1
DA:97,1
DA:99,1
DA:103,2
LF:42
LH:42
BRDA:13,0,0,1
BRDA:13,1,0,8
BRDA:13,1,1,7
BRDA:21,2,0,1
BRDA:25,3,0,1
BRDA:29,4,0,1
BRDA:36,5,0,2
BRDA:53,6,0,1
BRDA:53,7,0,7
BRDA:53,7,1,7
BRDA:59,8,0,1
BRDA:63,9,0,1
BRDA:80,10,0,1
BRDA:91,11,0,1
BRF:14
BRH:14
end_of_record
TN:
SF:src/queries/user_queries.ts/user_queries.ts
FN:3,get_user
FN:19,update_user_token
FNF:2
FNH:1
FNDA:0,get_user
FNDA:2,update_user_token
DA:1,2
DA:4,0
DA:5,0
DA:10,0
DA:11,0
DA:13,0
DA:15,0
DA:20,2
DA:21,2
DA:25,2
DA:27,0
DA:31,2
LF:12
LH:5
BRDA:10,0,0,0
BRF:1
BRH:0
end_of_record
TN:
SF:src/routes/login/login_route.ts
FNF:0
FNH:0
DA:1,2
DA:2,2
DA:4,2
DA:6,2
DA:7,2
DA:9,2
LF:6
LH:6
BRF:0
BRH:0
end_of_record
TN:
SF:src/utils/utils.ts
FN:11,generateJWT
FN:22,verifyJWT
FN:26,(anonymous_10)
FN:36,validateEmail
FN:44,sendMail
FNF:5
FNH:5
FNDA:5,generateJWT
FNDA:2,verifyJWT
FNDA:2,(anonymous_10)
FNDA:9,validateEmail
FNDA:2,sendMail
DA:1,3
DA:2,3
DA:3,3
DA:5,3
DA:6,3
DA:7,3
DA:9,3
DA:17,5
DA:23,2
DA:27,2
DA:28,1
DA:31,1
DA:37,9
DA:38,7
DA:41,2
DA:45,2
DA:46,2
DA:56,2
DA:65,2
DA:67,2
DA:76,1
DA:78,1
DA:82,3
LF:23
LH:23
BRDA:15,0,0,5
BRDA:27,1,0,1
BRDA:37,2,0,7
BRF:3
BRH:3
end_of_record
