TN:
SF:knexfile.ts
FNF:0
FNH:0
DA:5,4
DA:7,4
DA:9,4
DA:44,4
LF:4
LH:4
BRF:0
BRH:0
end_of_record
TN:
SF:src/index.ts
FN:17,(anonymous_1)
FN:28,(anonymous_2)
FNF:2
FNH:2
FNDA:1,(anonymous_1)
FNDA:1,(anonymous_2)
DA:1,4
DA:2,4
DA:4,4
DA:5,4
DA:6,4
DA:7,4
DA:8,4
DA:10,4
DA:14,4
DA:15,4
DA:17,4
DA:18,1
DA:21,4
DA:23,4
DA:24,4
DA:26,4
DA:28,4
DA:29,1
DA:32,4
LF:19
LH:19
BRF:0
BRH:0
end_of_record
TN:
SF:src/configs/connection.ts
FNF:0
FNH:0
DA:1,4
DA:2,4
DA:3,4
DA:4,4
LF:4
LH:4
BRDA:1,0,0,4
BRDA:1,0,1,0
BRF:2
BRH:1
end_of_record
TN:
SF:src/controllers/inventory_controllers/inventory_controllers.ts
FN:13,get_list_of_inventories
FNF:1
FNH:1
FNDA:2,get_list_of_inventories
DA:9,4
DA:10,4
DA:11,4
DA:18,2
DA:20,2
DA:22,1
DA:24,1
DA:29,1
DA:207,4
LF:9
LH:9
BRF:0
BRH:0
end_of_record
TN:
SF:src/controllers/inventory_items_controllers/inventory_items_controllers.ts
FN:13,post_inventory_items
FN:28,filter_items
FN:44,search_items
FN:54,place_order
FNF:4
FNH:4
FNDA:4,post_inventory_items
FNDA:5,filter_items
FNDA:4,search_items
FNDA:10,place_order
DA:3,4
DA:10,4
DA:11,4
DA:18,4
DA:20,4
DA:22,1
DA:24,3
DA:29,5
DA:31,5
DA:33,5
DA:35,1
DA:40,4
DA:45,4
DA:46,4
DA:48,1
DA:50,3
DA:55,10
DA:56,10
DA:58,10
DA:61,1
DA:63,9
DA:67,4
LF:22
LH:22
BRF:0
BRH:0
end_of_record
TN:
SF:src/controllers/user_controllers/user_controllers.ts
FN:10,login_user
FN:53,get_otp
FNF:2
FNH:1
FNDA:7,login_user
FNDA:0,get_otp
DA:1,4
DA:2,4
DA:4,4
DA:7,4
DA:8,4
DA:11,7
DA:12,7
DA:13,7
DA:43,7
DA:44,1
DA:49,6
DA:54,0
DA:55,0
DA:56,0
DA:57,0
DA:61,0
DA:62,0
DA:63,0
DA:66,0
DA:67,0
DA:72,0
DA:76,0
DA:78,0
DA:83,0
DA:84,0
DA:89,0
DA:94,0
DA:95,0
DA:100,0
DA:102,0
DA:106,4
LF:31
LH:12
BRDA:56,0,0,0
BRDA:56,1,0,0
BRDA:56,1,1,0
BRDA:62,2,0,0
BRDA:66,3,0,0
BRDA:83,4,0,0
BRDA:94,5,0,0
BRF:7
BRH:0
end_of_record
TN:
SF:src/middleweres/Auth/auth_middlewere.ts
FN:8,auth_middlewere
FN:36,admin_middlewere
FNF:2
FNH:2
FNDA:13,auth_middlewere
FNDA:8,admin_middlewere
DA:4,4
DA:13,13
DA:15,13
DA:16,13
DA:17,1
DA:22,12
DA:24,11
DA:25,1
DA:30,10
DA:32,1
DA:43,8
DA:45,8
DA:46,8
DA:47,1
DA:52,7
DA:54,6
DA:55,1
DA:60,5
DA:61,1
DA:66,4
DA:68,1
DA:72,4
LF:22
LH:22
BRDA:13,0,0,1
BRDA:13,0,1,12
BRDA:13,1,0,13
BRDA:13,1,1,13
BRDA:16,2,0,1
BRDA:24,3,0,1
BRDA:43,4,0,1
BRDA:43,4,1,7
BRDA:43,5,0,8
BRDA:43,5,1,8
BRDA:46,6,0,1
BRDA:54,7,0,1
BRDA:60,8,0,1
BRF:13
BRH:13
end_of_record
TN:
SF:src/middleweres/error_handler_middlewere/error_handler_middlewere.ts
FN:6,error_handler_middlewere
FNF:1
FNH:1
FNDA:26,error_handler_middlewere
DA:3,4
DA:4,4
DA:13,26
DA:14,6
DA:16,20
DA:20,26
DA:21,26
DA:25,0
DA:28,4
LF:9
LH:8
BRDA:13,0,0,6
BRDA:13,0,1,20
BRDA:20,1,0,26
BRDA:22,2,0,26
BRDA:22,2,1,6
BRF:5
BRH:5
end_of_record
TN:
SF:src/queries/inventory_items_queries/inventory_items_queries.ts
FN:7,update_inventory_items_qty
FN:11,(anonymous_10)
FN:11,(anonymous_11)
FN:24,get_inventory_items_data
FN:25,(anonymous_14)
FN:37,post_items_on_inventory
FN:51,filter_items
FN:71,search_items
FN:82,(anonymous_21)
FN:90,post_ordered_items
FN:93,(anonymous_24)
FNF:11
FNH:0
FNDA:0,update_inventory_items_qty
FNDA:0,(anonymous_10)
FNDA:0,(anonymous_11)
FNDA:0,get_inventory_items_data
FNDA:0,(anonymous_14)
FNDA:0,post_items_on_inventory
FNDA:0,filter_items
FNDA:0,search_items
FNDA:0,(anonymous_21)
FNDA:0,post_ordered_items
FNDA:0,(anonymous_24)
DA:1,4
DA:11,0
DA:12,0
DA:21,0
DA:25,0
DA:26,0
DA:29,0
DA:39,0
DA:40,0
DA:41,0
DA:42,0
DA:46,0
DA:52,0
DA:53,0
DA:54,0
DA:56,0
DA:72,0
DA:83,0
DA:91,0
DA:93,0
DA:94,0
DA:103,0
DA:109,4
LF:23
LH:2
BRDA:52,0,0,0
BRDA:52,0,1,0
BRDA:53,1,0,0
BRDA:53,1,1,0
BRDA:54,2,0,0
BRDA:54,2,1,0
BRF:6
BRH:0
end_of_record
TN:
SF:src/queries/inventory_queries/inventory_queries.ts
FN:6,getInventoryList
FN:14,update_inventory_items_qty
FN:18,(anonymous_12)
FN:18,(anonymous_13)
FN:31,get_inventory_items_data
FN:32,(anonymous_16)
FN:44,post_items_on_inventory
FN:45,(anonymous_19)
FN:45,(anonymous_20)
FN:52,filter_items
FN:72,search_items
FN:83,(anonymous_25)
FN:93,post_ordered_items
FN:96,(anonymous_28)
FNF:14
FNH:0
FNDA:0,getInventoryList
FNDA:0,update_inventory_items_qty
FNDA:0,(anonymous_12)
FNDA:0,(anonymous_13)
FNDA:0,get_inventory_items_data
FNDA:0,(anonymous_16)
FNDA:0,post_items_on_inventory
FNDA:0,(anonymous_19)
FNDA:0,(anonymous_20)
FNDA:0,filter_items
FNDA:0,search_items
FNDA:0,(anonymous_25)
FNDA:0,post_ordered_items
FNDA:0,(anonymous_28)
DA:1,4
DA:7,0
DA:9,0
DA:18,0
DA:19,0
DA:28,0
DA:32,0
DA:33,0
DA:36,0
DA:45,0
DA:46,0
DA:53,0
DA:54,0
DA:55,0
DA:57,0
DA:73,0
DA:84,0
DA:94,0
DA:96,0
DA:97,0
DA:106,0
DA:112,4
LF:22
LH:2
BRDA:53,0,0,0
BRDA:53,0,1,0
BRDA:54,1,0,0
BRDA:54,1,1,0
BRDA:55,2,0,0
BRDA:55,2,1,0
BRF:6
BRH:0
end_of_record
TN:
SF:src/queries/user_queries.ts/user_queries.ts
FN:4,get_user_by_email
FN:8,update_user_token
FN:12,update_user_balance
FNF:3
FNH:0
FNDA:0,get_user_by_email
FNDA:0,update_user_token
FNDA:0,update_user_balance
DA:2,4
DA:5,0
DA:9,0
DA:13,0
DA:20,4
LF:5
LH:2
BRF:0
BRH:0
end_of_record
TN:
SF:src/routes/inventory/inventory.route.ts
FNF:0
FNH:0
DA:1,4
DA:2,4
DA:3,4
DA:5,4
DA:7,4
DA:9,4
DA:10,4
DA:11,4
DA:12,4
DA:17,4
DA:22,4
DA:28,4
LF:12
LH:12
BRF:0
BRH:0
end_of_record
TN:
SF:src/routes/items/items_route.ts
FNF:0
FNH:0
DA:1,4
DA:4,4
DA:8,4
LF:3
LH:3
BRF:0
BRH:0
end_of_record
TN:
SF:src/routes/login/login_route.ts
FNF:0
FNH:0
DA:1,4
DA:2,4
DA:4,4
DA:6,4
DA:7,4
DA:9,4
LF:6
LH:6
BRF:0
BRH:0
end_of_record
TN:
SF:src/services/inventory_items_services/inventor_items_services.ts
FN:18,post_inventory_items_service
FN:46,filter_items_service
FN:85,search_items_service
FN:111,place_order_service
FN:142,(anonymous_16)
FN:145,(anonymous_17)
FN:156,(anonymous_18)
FNF:7
FNH:5
FNDA:4,post_inventory_items_service
FNDA:5,filter_items_service
FNDA:4,search_items_service
FNDA:10,place_order_service
FNDA:0,(anonymous_16)
FNDA:0,(anonymous_17)
FNDA:3,(anonymous_18)
DA:2,4
DA:3,4
DA:4,4
DA:5,4
DA:9,4
DA:10,4
DA:11,4
DA:12,4
DA:13,4
DA:19,4
DA:23,4
DA:28,4
DA:29,1
DA:32,3
DA:37,1
DA:38,0
DA:42,0
DA:47,5
DA:49,5
DA:50,1
DA:54,1
DA:59,4
DA:60,1
DA:65,1
DA:68,3
DA:74,2
DA:75,1
DA:79,1
DA:82,1
DA:86,4
DA:87,4
DA:89,4
DA:90,1
DA:94,1
DA:97,3
DA:101,2
DA:102,1
DA:106,1
DA:108,1
DA:112,10
DA:114,10
DA:118,10
DA:119,6
DA:123,6
DA:127,4
DA:130,4
DA:131,4
DA:132,4
DA:136,3
DA:142,3
DA:143,0
DA:145,3
DA:146,0
DA:150,3
DA:151,3
DA:155,3
DA:157,3
DA:158,1
DA:159,1
DA:161,3
DA:167,3
DA:168,1
DA:173,1
DA:177,2
DA:178,1
DA:183,1
DA:186,1
DA:191,1
DA:199,1
DA:204,1
DA:207,4
LF:71
LH:67
BRDA:28,0,0,1
BRDA:37,1,0,0
BRDA:49,2,0,1
BRDA:49,3,0,5
BRDA:49,3,1,4
BRDA:59,4,0,1
BRDA:74,5,0,1
BRDA:86,6,0,4
BRDA:86,6,1,1
BRDA:89,7,0,1
BRDA:89,8,0,4
BRDA:89,8,1,3
BRDA:101,9,0,1
BRDA:118,10,0,6
BRDA:130,11,0,0
BRDA:130,11,1,4
BRDA:130,12,0,4
BRDA:130,12,1,4
BRDA:157,13,0,1
BRDA:157,14,0,3
BRDA:157,14,1,1
BRDA:167,15,0,1
BRDA:177,16,0,1
BRF:23
BRH:21
end_of_record
TN:
SF:src/services/inventory_services/inventory_services.ts
FN:3,get_inventories_service
FNF:1
FNH:1
FNDA:2,get_inventories_service
DA:1,4
DA:4,2
DA:7,4
LF:3
LH:3
BRF:0
BRH:0
end_of_record
TN:
SF:src/services/user_services/user_services.ts
FN:10,login_otp_verify
FNF:1
FNH:1
FNDA:7,login_otp_verify
DA:2,4
DA:3,4
DA:4,4
DA:5,4
DA:6,4
DA:11,7
DA:13,7
DA:14,1
DA:19,1
DA:22,6
DA:23,5
DA:24,1
DA:28,1
DA:31,4
DA:32,1
DA:36,1
DA:39,3
DA:41,3
DA:42,2
DA:46,2
DA:49,1
DA:51,1
DA:54,4
LF:23
LH:23
BRDA:13,0,0,1
BRDA:13,1,0,7
BRDA:13,1,1,6
BRDA:13,1,2,6
BRDA:23,2,0,1
BRDA:31,3,0,1
BRDA:41,4,0,2
BRF:7
BRH:7
end_of_record
TN:
SF:src/utils/utils.ts
FN:11,generateJWT
FN:22,verifyJWT
FN:26,(anonymous_10)
FN:36,validateEmail
FN:44,sendMail
FNF:5
FNH:4
FNDA:2,generateJWT
FNDA:3,verifyJWT
FNDA:3,(anonymous_10)
FNDA:8,validateEmail
FNDA:0,sendMail
DA:1,5
DA:2,5
DA:3,5
DA:5,5
DA:6,5
DA:7,5
DA:9,5
DA:17,2
DA:23,3
DA:27,3
DA:28,2
DA:31,1
DA:37,8
DA:38,7
DA:41,1
DA:45,0
DA:46,0
DA:56,0
DA:65,0
DA:67,0
DA:77,0
DA:79,0
DA:83,5
LF:23
LH:16
BRDA:15,0,0,1
BRDA:27,1,0,2
BRDA:37,2,0,7
BRF:3
BRH:3
end_of_record
TN:
SF:src/utils/Errors/custom_error.ts
FN:4,(anonymous_0)
FNF:1
FNH:1
FNDA:20,(anonymous_0)
DA:2,20
DA:5,20
DA:7,20
DA:8,20
DA:12,4
LF:5
LH:5
BRF:0
BRH:0
end_of_record
TN:
SF:src/utils/Errors/error_message.ts
FNF:0
FNH:0
DA:1,4
DA:18,4
LF:2
LH:2
BRF:0
BRH:0
end_of_record
TN:
SF:src/utils/Errors/status_codes.ts
FNF:0
FNH:0
DA:1,4
DA:11,4
LF:2
LH:2
BRF:0
BRH:0
end_of_record
TN:
SF:src/utils/validations/schema_validations.ts
FN:4,post_inventory_items_schema
FNF:1
FNH:1
FNDA:14,post_inventory_items_schema
DA:1,4
DA:5,14
DA:19,14
DA:22,4
LF:4
LH:4
BRF:0
BRH:0
end_of_record
